GD71         05:52:27.50  +15:53:17.0  2000.0  exptime=30
Feige67      12:41:51.79  +17:31:19.8  2000.0  exptime=30
J0857offset  08:57:08.10  +01:29:58.9  2000.0  exptime=3600
J0857+0131   08:57:06.37  +01:31:30.7  2000.0  exptime=3600
J1149offset  11:49:49.81  -00:20:53.0  2000.0  exptime=3600
J1149-0021   11:49:48.20  -00:21:53.6  2000.0  exptime=3600
J1203offset  12:03:47.18  -00:05:00.9  2000.0  exptime=3600
J1203-0006   12:03:46.51  -00:06:28.2  2000.0  exptime=3600
J1431offset  14:31:35.07  -00:44:50.5  2000.0  exptime=3600
J1431-0045   14:31:33.58  -00:45:11.2  2000.0  exptime=3600
J1616offset  16:16:54.58  +42:33:14.3  2000.0  exptime=3600
J1616+4234   16:16:49.59  +42:34:08.9  2000.0  exptime=3600
J1617offset  16:17:32.75  +42:37:11.9  2000.0  exptime=3600
J1617+4238   16:17:38.03  +42:38:13.7  2000.0  exptime=3600
J1625offset  16:25:25.58  +43:38:52.0  2000.0  exptime=3600
J1625+4338   16:25:24.37  +43:38:11.0  2000.0  exptime=3600
J1626offset  16:25:56.39  +43:40:06.9  2000.0  exptime=3600
J1626+4341   16:26:02.04  +43:41:53.8  2000.0  exptime=3600
J1627offset  16:27:38.09  +43:55:39.8  2000.0  exptime=3600
J1627+4357   16:27:36.12  +43:57:07.4  2000.0  exptime=3600
J1628offset  16:28:34.92  +43:16:41.1  2000.0  exptime=3600
J1628+4314   16:28:29.55  +43:14:55.7  2000.0  exptime=3600
P330E        16:31:33.85  +30:08:47.1  2000.0  exptime=30
Feige66      12:37:23.55  +25:04:00.3  2000.0  exptime=30
J1123Aoffset 11:23:38.70  -00:49:39.1  2000.0  exptime=600
J1123-0050A  11:23:43.46  -00:50:07.1  2000.0  exptime=600
J1123Boffset 11:23:51.73  -00:49:33.5  2000.0  exptime=600
J1123-0050B  11:23:51.63  -00:50:36.1  2000.0  exptime=600
J1123Coffset 11:23:51.73  -00:49:33.5  2000.0  exptime=600
J1123-0050C  11:23:51.48  -00:50:31.3  2000.0  exptime=600
J1123Doffset 11:23:51.73  -00:49:33.5  2000.0  exptime=600
J1123-0050D  11:23:55.20  -00:50:52.9  2000.0  exptime=600
J1123Soffset 11:23:51.73  -00:49:33.5  2000.0  exptime=600
J1123-0050S  11:23:44.80  -00:50:11.2  2000.0  exptime=600


